{
  "fio version" : "fio-3.6",
  "timestamp" : 1561418009,
  "timestamp_ms" : 1561418009475,
  "time" : "Mon Jun 24 16:13:29 2019",
  "jobs" : [
    {
      "jobname" : "fio-rand-RW",
      "groupid" : 0,
      "error" : 0,
      "eta" : 0,
      "elapsed" : 11,
      "job options" : {
        "group_reporting" : "1",
        "name" : "fio-rand-RW",
        "rw" : "rw",
        "rwmixread" : "70",
        "bs" : "8k",
        "direct" : "1",
        "size" : "100M",
        "ioengine" : "libaio",
        "iodepth" : "16",
        "time_based" : "1",
        "runtime" : "10s",
        "numjobs" : "1",
        "filename" : "/vdb"
      },
      "read" : {
        "io_bytes" : 340025344,
        "io_kbytes" : 332056,
        "bw_bytes" : 33999134,
        "bw" : 33202,
        "iops" : 4150.284972,
        "runtime" : 10001,
        "total_ios" : 41507,
        "short_ios" : 0,
        "drop_ios" : 0,
        "slat_ns" : {
          "min" : 5549,
          "max" : 28285469,
          "mean" : 61130.708122,
          "stddev" : 344618.851706
        },
        "clat_ns" : {
          "min" : 276490,
          "max" : 31555117,
          "mean" : 2930699.247573,
          "stddev" : 2095880.212348,
          "percentile" : {
            "1.000000" : 415744,
            "5.000000" : 708608,
            "10.000000" : 970752,
            "20.000000" : 1384448,
            "30.000000" : 1794048,
            "40.000000" : 2146304,
            "50.000000" : 2506752,
            "60.000000" : 2867200,
            "70.000000" : 3325952,
            "80.000000" : 4014080,
            "90.000000" : 5341184,
            "95.000000" : 6782976,
            "99.000000" : 10158080,
            "99.500000" : 11862016,
            "99.900000" : 17432576,
            "99.950000" : 30015488,
            "99.990000" : 31588352
          }
        },
        "lat_ns" : {
          "min" : 332517,
          "max" : 31861609,
          "mean" : 2992172.480738,
          "stddev" : 2121667.580714
        },
        "bw_min" : 24207,
        "bw_max" : 38432,
        "bw_agg" : 99.827269,
        "bw_mean" : 33144.650000,
        "bw_dev" : 3502.789554,
        "bw_samples" : 20,
        "iops_min" : 3025,
        "iops_max" : 4804,
        "iops_mean" : 4142.800000,
        "iops_stddev" : 437.831090,
        "iops_samples" : 20
      },
      "write" : {
        "io_bytes" : 145260544,
        "io_kbytes" : 141856,
        "bw_bytes" : 14524601,
        "bw" : 14184,
        "iops" : 1773.022698,
        "runtime" : 10001,
        "total_ios" : 17732,
        "short_ios" : 0,
        "drop_ios" : 0,
        "slat_ns" : {
          "min" : 8811,
          "max" : 9100429,
          "mean" : 80780.515001,
          "stddev" : 340607.669676
        },
        "clat_ns" : {
          "min" : 19949,
          "max" : 31283065,
          "mean" : 1928885.098297,
          "stddev" : 1661835.353961,
          "percentile" : {
            "1.000000" : 100864,
            "5.000000" : 259072,
            "10.000000" : 391168,
            "20.000000" : 651264,
            "30.000000" : 937984,
            "40.000000" : 1253376,
            "50.000000" : 1581056,
            "60.000000" : 1908736,
            "70.000000" : 2310144,
            "80.000000" : 2801664,
            "90.000000" : 3751936,
            "95.000000" : 4947968,
            "99.000000" : 8028160,
            "99.500000" : 9371648,
            "99.900000" : 12648448,
            "99.950000" : 16056320,
            "99.990000" : 31064064
          }
        },
        "lat_ns" : {
          "min" : 56811,
          "max" : 31316151,
          "mean" : 2010178.163208,
          "stddev" : 1698264.126603
        },
        "bw_min" : 10075,
        "bw_max" : 16112,
        "bw_agg" : 99.850888,
        "bw_mean" : 14162.850000,
        "bw_dev" : 1570.804731,
        "bw_samples" : 20,
        "iops_min" : 1259,
        "iops_max" : 2014,
        "iops_mean" : 1770.200000,
        "iops_stddev" : 196.408168,
        "iops_samples" : 20
      },
      "trim" : {
        "io_bytes" : 0,
        "io_kbytes" : 0,
        "bw_bytes" : 0,
        "bw" : 0,
        "iops" : 0.000000,
        "runtime" : 0,
        "total_ios" : 0,
        "short_ios" : 0,
        "drop_ios" : 0,
        "slat_ns" : {
          "min" : 0,
          "max" : 0,
          "mean" : 0.000000,
          "stddev" : 0.000000
        },
        "clat_ns" : {
          "min" : 0,
          "max" : 0,
          "mean" : 0.000000,
          "stddev" : 0.000000,
          "percentile" : {
            "1.000000" : 0,
            "5.000000" : 0,
            "10.000000" : 0,
            "20.000000" : 0,
            "30.000000" : 0,
            "40.000000" : 0,
            "50.000000" : 0,
            "60.000000" : 0,
            "70.000000" : 0,
            "80.000000" : 0,
            "90.000000" : 0,
            "95.000000" : 0,
            "99.000000" : 0,
            "99.500000" : 0,
            "99.900000" : 0,
            "99.950000" : 0,
            "99.990000" : 0
          }
        },
        "lat_ns" : {
          "min" : 0,
          "max" : 0,
          "mean" : 0.000000,
          "stddev" : 0.000000
        },
        "bw_min" : 0,
        "bw_max" : 0,
        "bw_agg" : 0.000000,
        "bw_mean" : 0.000000,
        "bw_dev" : 0.000000,
        "bw_samples" : 0,
        "iops_min" : 0,
        "iops_max" : 0,
        "iops_mean" : 0.000000,
        "iops_stddev" : 0.000000,
        "iops_samples" : 0
      },
      "sync" : {
        "lat_ns" : {
          "min" : 0,
          "max" : 0,
          "mean" : 0.000000,
          "stddev" : 0.000000,
          "percentile" : {
            "1.000000" : 0,
            "5.000000" : 0,
            "10.000000" : 0,
            "20.000000" : 0,
            "30.000000" : 0,
            "40.000000" : 0,
            "50.000000" : 0,
            "60.000000" : 0,
            "70.000000" : 0,
            "80.000000" : 0,
            "90.000000" : 0,
            "95.000000" : 0,
            "99.000000" : 0,
            "99.500000" : 0,
            "99.900000" : 0,
            "99.950000" : 0,
            "99.990000" : 0
          }
        },
        "total_ios" : 0
      },
      "usr_cpu" : 2.650000,
      "sys_cpu" : 22.150000,
      "ctx" : 7421,
      "majf" : 0,
      "minf" : 11,
      "iodepth_level" : {
        "1" : 0.100000,
        "2" : 0.100000,
        "4" : 0.100000,
        "8" : 0.100000,
        "16" : 99.974679,
        "32" : 0.000000,
        ">=64" : 0.000000
      },
      "latency_ns" : {
        "2" : 0.000000,
        "4" : 0.000000,
        "10" : 0.000000,
        "20" : 0.000000,
        "50" : 0.000000,
        "100" : 0.000000,
        "250" : 0.000000,
        "500" : 0.000000,
        "750" : 0.000000,
        "1000" : 0.000000
      },
      "latency_us" : {
        "2" : 0.000000,
        "4" : 0.000000,
        "10" : 0.000000,
        "20" : 0.010000,
        "50" : 0.037138,
        "100" : 0.249835,
        "250" : 1.124259,
        "500" : 4.328230,
        "750" : 5.368085,
        "1000" : 5.876196
      },
      "latency_ms" : {
        "2" : 26.577086,
        "4" : 39.774473,
        "10" : 15.791961,
        "20" : 0.818717,
        "50" : 0.052330,
        "100" : 0.000000,
        "250" : 0.000000,
        "500" : 0.000000,
        "750" : 0.000000,
        "1000" : 0.000000,
        "2000" : 0.000000,
        ">=2000" : 0.000000
      },
      "latency_depth" : 16,
      "latency_target" : 0,
      "latency_percentile" : 100.000000,
      "latency_window" : 0
    }
  ]
}
