{
  "fio version" : "fio-3.12",
  "timestamp" : 1562800007,
  "timestamp_ms" : 1562800007198,
  "time" : "Wed Jul 10 16:06:47 2019",
  "jobs" : [
    {
      "jobname" : "fio-rand-RW",
      "groupid" : 0,
      "error" : 0,
      "eta" : 0,
      "elapsed" : 16,
      "job options" : {
        "name" : "fio-rand-RW",
        "rw" : "rw",
        "rwmixread" : "100",
        "bs" : "1M",
        "direct" : "1",
        "size" : "50M",
        "ioengine" : "libaio",
        "iodepth" : "4",
        "time_based" : "1",
        "runtime" : "15s",
        "numjobs" : "1",
        "filename" : "/vdb"
      },
      "read" : {
        "io_bytes" : 6467616768,
        "io_kbytes" : 6316032,
        "bw_bytes" : 431002050,
        "bw" : 420900,
        "iops" : 411.035586,
        "runtime" : 15006,
        "total_ios" : 6168,
        "short_ios" : 0,
        "drop_ios" : 0,
        "slat_ns" : {
          "min" : 144329,
          "max" : 344959846,
          "mean" : 2279871.487678,
          "stddev" : 5073082.222527
        },
        "clat_ns" : {
          "min" : 185898,
          "max" : 354195343,
          "mean" : 7445411.115272,
          "stddev" : 9551931.333108,
          "percentile" : {
            "1.000000" : 1335296,
            "5.000000" : 2146304,
            "10.000000" : 2834432,
            "20.000000" : 3588096,
            "30.000000" : 4227072,
            "40.000000" : 4947968,
            "50.000000" : 5668864,
            "60.000000" : 6455296,
            "70.000000" : 7569408,
            "80.000000" : 9502720,
            "90.000000" : 13828096,
            "95.000000" : 18481152,
            "99.000000" : 30801920,
            "99.500000" : 38010880,
            "99.900000" : 65273856,
            "99.950000" : 69730304,
            "99.990000" : 354418688
          }
        },
        "lat_ns" : {
          "min" : 1175045,
          "max" : 359831975,
          "mean" : 9727165.380350,
          "stddev" : 11398714.547262
        },
        "bw_min" : 194171,
        "bw_max" : 696320,
        "bw_agg" : 99.912537,
        "bw_mean" : 420531.866667,
        "bw_dev" : 160670.317500,
        "bw_samples" : 30,
        "iops_min" : 189,
        "iops_max" : 680,
        "iops_mean" : 410.533333,
        "iops_stddev" : 156.911513,
        "iops_samples" : 30
      },
      "write" : {
        "io_bytes" : 0,
        "io_kbytes" : 0,
        "bw_bytes" : 0,
        "bw" : 0,
        "iops" : 0.000000,
        "runtime" : 0,
        "total_ios" : 0,
        "short_ios" : 0,
        "drop_ios" : 0,
        "slat_ns" : {
          "min" : 0,
          "max" : 0,
          "mean" : 0.000000,
          "stddev" : 0.000000
        },
        "clat_ns" : {
          "min" : 0,
          "max" : 0,
          "mean" : 0.000000,
          "stddev" : 0.000000,
          "percentile" : {
            "1.000000" : 0,
            "5.000000" : 0,
            "10.000000" : 0,
            "20.000000" : 0,
            "30.000000" : 0,
            "40.000000" : 0,
            "50.000000" : 0,
            "60.000000" : 0,
            "70.000000" : 0,
            "80.000000" : 0,
            "90.000000" : 0,
            "95.000000" : 0,
            "99.000000" : 0,
            "99.500000" : 0,
            "99.900000" : 0,
            "99.950000" : 0,
            "99.990000" : 0
          }
        },
        "lat_ns" : {
          "min" : 0,
          "max" : 0,
          "mean" : 0.000000,
          "stddev" : 0.000000
        },
        "bw_min" : 0,
        "bw_max" : 0,
        "bw_agg" : 0.000000,
        "bw_mean" : 0.000000,
        "bw_dev" : 0.000000,
        "bw_samples" : 0,
        "iops_min" : 0,
        "iops_max" : 0,
        "iops_mean" : 0.000000,
        "iops_stddev" : 0.000000,
        "iops_samples" : 0
      },
      "trim" : {
        "io_bytes" : 0,
        "io_kbytes" : 0,
        "bw_bytes" : 0,
        "bw" : 0,
        "iops" : 0.000000,
        "runtime" : 0,
        "total_ios" : 0,
        "short_ios" : 0,
        "drop_ios" : 0,
        "slat_ns" : {
          "min" : 0,
          "max" : 0,
          "mean" : 0.000000,
          "stddev" : 0.000000
        },
        "clat_ns" : {
          "min" : 0,
          "max" : 0,
          "mean" : 0.000000,
          "stddev" : 0.000000,
          "percentile" : {
            "1.000000" : 0,
            "5.000000" : 0,
            "10.000000" : 0,
            "20.000000" : 0,
            "30.000000" : 0,
            "40.000000" : 0,
            "50.000000" : 0,
            "60.000000" : 0,
            "70.000000" : 0,
            "80.000000" : 0,
            "90.000000" : 0,
            "95.000000" : 0,
            "99.000000" : 0,
            "99.500000" : 0,
            "99.900000" : 0,
            "99.950000" : 0,
            "99.990000" : 0
          }
        },
        "lat_ns" : {
          "min" : 0,
          "max" : 0,
          "mean" : 0.000000,
          "stddev" : 0.000000
        },
        "bw_min" : 0,
        "bw_max" : 0,
        "bw_agg" : 0.000000,
        "bw_mean" : 0.000000,
        "bw_dev" : 0.000000,
        "bw_samples" : 0,
        "iops_min" : 0,
        "iops_max" : 0,
        "iops_mean" : 0.000000,
        "iops_stddev" : 0.000000,
        "iops_samples" : 0
      },
      "sync" : {
        "lat_ns" : {
          "min" : 0,
          "max" : 0,
          "mean" : 0.000000,
          "stddev" : 0.000000,
          "percentile" : {
            "1.000000" : 0,
            "5.000000" : 0,
            "10.000000" : 0,
            "20.000000" : 0,
            "30.000000" : 0,
            "40.000000" : 0,
            "50.000000" : 0,
            "60.000000" : 0,
            "70.000000" : 0,
            "80.000000" : 0,
            "90.000000" : 0,
            "95.000000" : 0,
            "99.000000" : 0,
            "99.500000" : 0,
            "99.900000" : 0,
            "99.950000" : 0,
            "99.990000" : 0
          }
        },
        "total_ios" : 0
      },
      "job_runtime" : 15005,
      "usr_cpu" : 0.379873,
      "sys_cpu" : 45.078307,
      "ctx" : 11906,
      "majf" : 0,
      "minf" : 10,
      "iodepth_level" : {
        "1" : 0.100000,
        "2" : 0.100000,
        "4" : 99.951362,
        "8" : 0.000000,
        "16" : 0.000000,
        "32" : 0.000000,
        ">=64" : 0.000000
      },
      "iodepth_submit" : {
        "0" : 0.000000,
        "4" : 100.000000,
        "8" : 0.000000,
        "16" : 0.000000,
        "32" : 0.000000,
        "64" : 0.000000,
        ">=64" : 0.000000
      },
      "iodepth_complete" : {
        "0" : 0.000000,
        "4" : 100.000000,
        "8" : 0.000000,
        "16" : 0.000000,
        "32" : 0.000000,
        "64" : 0.000000,
        ">=64" : 0.000000
      },
      "latency_ns" : {
        "2" : 0.000000,
        "4" : 0.000000,
        "10" : 0.000000,
        "20" : 0.000000,
        "50" : 0.000000,
        "100" : 0.000000,
        "250" : 0.000000,
        "500" : 0.000000,
        "750" : 0.000000,
        "1000" : 0.000000
      },
      "latency_us" : {
        "2" : 0.000000,
        "4" : 0.000000,
        "10" : 0.000000,
        "20" : 0.000000,
        "50" : 0.000000,
        "100" : 0.000000,
        "250" : 0.016213,
        "500" : 0.000000,
        "750" : 0.000000,
        "1000" : 0.162127
      },
      "latency_ms" : {
        "2" : 3.939689,
        "4" : 22.114137,
        "10" : 55.350195,
        "20" : 14.396887,
        "50" : 3.891051,
        "100" : 0.081064,
        "250" : 0.000000,
        "500" : 0.048638,
        "750" : 0.000000,
        "1000" : 0.000000,
        "2000" : 0.000000,
        ">=2000" : 0.000000
      },
      "latency_depth" : 4,
      "latency_target" : 0,
      "latency_percentile" : 100.000000,
      "latency_window" : 0
    }
  ]
}
