{
  "fio version" : "fio-3.12",
  "timestamp" : 1563017785,
  "timestamp_ms" : 1563017785296,
  "time" : "Sat Jul 13 04:36:25 2019",
  "jobs" : [
    {
      "jobname" : "fio-rand-RW",
      "groupid" : 0,
      "error" : 0,
      "eta" : 0,
      "elapsed" : 11,
      "job options" : {
        "name" : "fio-rand-RW",
        "rw" : "rw",
        "rwmixread" : "70",
        "bs" : "128k",
        "direct" : "1",
        "size" : "10%",
        "ioengine" : "libaio",
        "iodepth" : "4",
        "time_based" : "1",
        "runtime" : "10s",
        "numjobs" : "2",
        "filename" : "/vdb"
      },
      "read" : {
        "io_bytes" : 789708800,
        "io_kbytes" : 771200,
        "bw_bytes" : 78781803,
        "bw" : 76935,
        "iops" : 601.057462,
        "runtime" : 10024,
        "total_ios" : 6025,
        "short_ios" : 0,
        "drop_ios" : 0,
        "slat_ns" : {
          "min" : 20731,
          "max" : 34709716,
          "mean" : 445203.533278,
          "stddev" : 1718595.947050
        },
        "clat_ns" : {
          "min" : 102256,
          "max" : 46692397,
          "mean" : 4473004.659917,
          "stddev" : 4345017.940787,
          "percentile" : {
            "1.000000" : 301056,
            "5.000000" : 634880,
            "10.000000" : 897024,
            "20.000000" : 1515520,
            "30.000000" : 2113536,
            "40.000000" : 2703360,
            "50.000000" : 3358720,
            "60.000000" : 4079616,
            "70.000000" : 4947968,
            "80.000000" : 6258688,
            "90.000000" : 9109504,
            "95.000000" : 12779520,
            "99.000000" : 21102592,
            "99.500000" : 25034752,
            "99.900000" : 40632320,
            "99.950000" : 42729472,
            "99.990000" : 46923776
          }
        },
        "lat_ns" : {
          "min" : 168440,
          "max" : 47656666,
          "mean" : 4918602.442490,
          "stddev" : 4694001.503125
        },
        "bw_min" : 53227,
        "bw_max" : 99385,
        "bw_agg" : 49.268401,
        "bw_mean" : 76872.500000,
        "bw_dev" : 13695.370280,
        "bw_samples" : 20,
        "iops_min" : 415,
        "iops_max" : 776,
        "iops_mean" : 600.200000,
        "iops_stddev" : 106.932640,
        "iops_samples" : 20
      },
      "write" : {
        "io_bytes" : 348127232,
        "io_kbytes" : 339968,
        "bw_bytes" : 34729372,
        "bw" : 33915,
        "iops" : 264.964086,
        "runtime" : 10024,
        "total_ios" : 2656,
        "short_ios" : 0,
        "drop_ios" : 0,
        "slat_ns" : {
          "min" : 29836,
          "max" : 44643906,
          "mean" : 586767.001883,
          "stddev" : 1995740.425121
        },
        "clat_ns" : {
          "min" : 1685,
          "max" : 44757244,
          "mean" : 3237391.460090,
          "stddev" : 3483884.525359,
          "percentile" : {
            "1.000000" : 144384,
            "5.000000" : 321536,
            "10.000000" : 493568,
            "20.000000" : 897024,
            "30.000000" : 1351680,
            "40.000000" : 1826816,
            "50.000000" : 2342912,
            "60.000000" : 2932736,
            "70.000000" : 3620864,
            "80.000000" : 4685824,
            "90.000000" : 6586368,
            "95.000000" : 9109504,
            "99.000000" : 18219008,
            "99.500000" : 21102592,
            "99.900000" : 32374784,
            "99.950000" : 35389440,
            "99.990000" : 44826624
          }
        },
        "lat_ns" : {
          "min" : 170652,
          "max" : 59766175,
          "mean" : 3824646.820407,
          "stddev" : 4163742.063411
        },
        "bw_min" : 22948,
        "bw_max" : 45131,
        "bw_agg" : 49.433472,
        "bw_mean" : 33890.600000,
        "bw_dev" : 6045.193370,
        "bw_samples" : 20,
        "iops_min" : 179,
        "iops_max" : 352,
        "iops_mean" : 264.400000,
        "iops_stddev" : 47.251177,
        "iops_samples" : 20
      },
      "trim" : {
        "io_bytes" : 0,
        "io_kbytes" : 0,
        "bw_bytes" : 0,
        "bw" : 0,
        "iops" : 0.000000,
        "runtime" : 0,
        "total_ios" : 0,
        "short_ios" : 0,
        "drop_ios" : 0,
        "slat_ns" : {
          "min" : 0,
          "max" : 0,
          "mean" : 0.000000,
          "stddev" : 0.000000
        },
        "clat_ns" : {
          "min" : 0,
          "max" : 0,
          "mean" : 0.000000,
          "stddev" : 0.000000,
          "percentile" : {
            "1.000000" : 0,
            "5.000000" : 0,
            "10.000000" : 0,
            "20.000000" : 0,
            "30.000000" : 0,
            "40.000000" : 0,
            "50.000000" : 0,
            "60.000000" : 0,
            "70.000000" : 0,
            "80.000000" : 0,
            "90.000000" : 0,
            "95.000000" : 0,
            "99.000000" : 0,
            "99.500000" : 0,
            "99.900000" : 0,
            "99.950000" : 0,
            "99.990000" : 0
          }
        },
        "lat_ns" : {
          "min" : 0,
          "max" : 0,
          "mean" : 0.000000,
          "stddev" : 0.000000
        },
        "bw_min" : 0,
        "bw_max" : 0,
        "bw_agg" : 0.000000,
        "bw_mean" : 0.000000,
        "bw_dev" : 0.000000,
        "bw_samples" : 0,
        "iops_min" : 0,
        "iops_max" : 0,
        "iops_mean" : 0.000000,
        "iops_stddev" : 0.000000,
        "iops_samples" : 0
      },
      "sync" : {
        "lat_ns" : {
          "min" : 0,
          "max" : 0,
          "mean" : 0.000000,
          "stddev" : 0.000000,
          "percentile" : {
            "1.000000" : 0,
            "5.000000" : 0,
            "10.000000" : 0,
            "20.000000" : 0,
            "30.000000" : 0,
            "40.000000" : 0,
            "50.000000" : 0,
            "60.000000" : 0,
            "70.000000" : 0,
            "80.000000" : 0,
            "90.000000" : 0,
            "95.000000" : 0,
            "99.000000" : 0,
            "99.500000" : 0,
            "99.900000" : 0,
            "99.950000" : 0,
            "99.990000" : 0
          }
        },
        "total_ios" : 0
      },
      "job_runtime" : 10023,
      "usr_cpu" : 0.698394,
      "sys_cpu" : 14.556520,
      "ctx" : 3717,
      "majf" : 0,
      "minf" : 13,
      "iodepth_level" : {
        "1" : 0.100000,
        "2" : 0.100000,
        "4" : 99.965442,
        "8" : 0.000000,
        "16" : 0.000000,
        "32" : 0.000000,
        ">=64" : 0.000000
      },
      "iodepth_submit" : {
        "0" : 0.000000,
        "4" : 100.000000,
        "8" : 0.000000,
        "16" : 0.000000,
        "32" : 0.000000,
        "64" : 0.000000,
        ">=64" : 0.000000
      },
      "iodepth_complete" : {
        "0" : 0.000000,
        "4" : 100.000000,
        "8" : 0.000000,
        "16" : 0.000000,
        "32" : 0.000000,
        "64" : 0.000000,
        ">=64" : 0.000000
      },
      "latency_ns" : {
        "2" : 0.000000,
        "4" : 0.000000,
        "10" : 0.000000,
        "20" : 0.000000,
        "50" : 0.000000,
        "100" : 0.000000,
        "250" : 0.000000,
        "500" : 0.000000,
        "750" : 0.000000,
        "1000" : 0.000000
      },
      "latency_us" : {
        "2" : 0.011519,
        "4" : 0.057597,
        "10" : 0.000000,
        "20" : 0.000000,
        "50" : 0.011519,
        "100" : 0.046078,
        "250" : 1.186499,
        "500" : 4.089391,
        "750" : 4.711439,
        "1000" : 4.596245
      },
      "latency_ms" : {
        "2" : 17.590139,
        "4" : 31.355835,
        "10" : 29.328418,
        "20" : 6.001613,
        "50" : 1.013708,
        "100" : 0.000000,
        "250" : 0.000000,
        "500" : 0.000000,
        "750" : 0.000000,
        "1000" : 0.000000,
        "2000" : 0.000000,
        ">=2000" : 0.000000
      },
      "latency_depth" : 4,
      "latency_target" : 0,
      "latency_percentile" : 100.000000,
      "latency_window" : 0
    },
    {
      "jobname" : "WL",
      "groupid" : 0,
      "error" : 0,
      "eta" : 0,
      "elapsed" : 11,
      "job options" : {
        "name" : "fio-rand-RW",
        "rw" : "rw",
        "rwmixread" : "70",
        "bs" : "128k",
        "direct" : "1",
        "size" : "10%",
        "ioengine" : "libaio",
        "iodepth" : "4",
        "time_based" : "1",
        "runtime" : "10s",
        "numjobs" : "2",
        "filename" : "/vdb"
      },
      "read" : {
        "io_bytes" : 811859968,
        "io_kbytes" : 792832,
        "bw_bytes" : 81104891,
        "bw" : 79203,
        "iops" : 618.781219,
        "runtime" : 10010,
        "total_ios" : 6194,
        "short_ios" : 0,
        "drop_ios" : 0,
        "slat_ns" : {
          "min" : 20944,
          "max" : 27976441,
          "mean" : 429037.279303,
          "stddev" : 1612513.317582
        },
        "clat_ns" : {
          "min" : 74814,
          "max" : 81125799,
          "mean" : 4391315.453665,
          "stddev" : 4164980.130018,
          "percentile" : {
            "1.000000" : 257024,
            "5.000000" : 536576,
            "10.000000" : 815104,
            "20.000000" : 1499136,
            "30.000000" : 2072576,
            "40.000000" : 2703360,
            "50.000000" : 3358720,
            "60.000000" : 3981312,
            "70.000000" : 4947968,
            "80.000000" : 6324224,
            "90.000000" : 9109504,
            "95.000000" : 11993088,
            "99.000000" : 20054016,
            "99.500000" : 23986176,
            "99.900000" : 32374784,
            "99.950000" : 36962304,
            "99.990000" : 81264640
          }
        },
        "lat_ns" : {
          "min" : 224458,
          "max" : 81162324,
          "mean" : 4820831.681304,
          "stddev" : 4539354.120682
        },
        "bw_min" : 54349,
        "bw_max" : 108071,
        "bw_agg" : 50.726793,
        "bw_mean" : 79148.000000,
        "bw_dev" : 13390.809885,
        "bw_samples" : 20,
        "iops_min" : 424,
        "iops_max" : 844,
        "iops_mean" : 618.150000,
        "iops_stddev" : 104.588052,
        "iops_samples" : 20
      },
      "write" : {
        "io_bytes" : 355598336,
        "io_kbytes" : 347264,
        "bw_bytes" : 35524309,
        "bw" : 34691,
        "iops" : 271.028971,
        "runtime" : 10010,
        "total_ios" : 2713,
        "short_ios" : 0,
        "drop_ios" : 0,
        "slat_ns" : {
          "min" : 28634,
          "max" : 30645837,
          "mean" : 519722.120531,
          "stddev" : 1768444.397213
        },
        "clat_ns" : {
          "min" : 1886,
          "max" : 55101748,
          "mean" : 3117565.879101,
          "stddev" : 3501227.466799,
          "percentile" : {
            "1.000000" : 132096,
            "5.000000" : 305152,
            "10.000000" : 468992,
            "20.000000" : 823296,
            "30.000000" : 1286144,
            "40.000000" : 1728512,
            "50.000000" : 2277376,
            "60.000000" : 2834432,
            "70.000000" : 3489792,
            "80.000000" : 4358144,
            "90.000000" : 6324224,
            "95.000000" : 8978432,
            "99.000000" : 17956864,
            "99.500000" : 22937600,
            "99.900000" : 30277632,
            "99.950000" : 30801920,
            "99.990000" : 55312384
          }
        },
        "lat_ns" : {
          "min" : 170933,
          "max" : 81216917,
          "mean" : 3637844.572798,
          "stddev" : 4071020.374298
        },
        "bw_min" : 23873,
        "bw_max" : 47265,
        "bw_agg" : 50.566819,
        "bw_mean" : 34667.600000,
        "bw_dev" : 6301.280040,
        "bw_samples" : 20,
        "iops_min" : 186,
        "iops_max" : 369,
        "iops_mean" : 270.700000,
        "iops_stddev" : 49.262028,
        "iops_samples" : 20
      },
      "trim" : {
        "io_bytes" : 0,
        "io_kbytes" : 0,
        "bw_bytes" : 0,
        "bw" : 0,
        "iops" : 0.000000,
        "runtime" : 0,
        "total_ios" : 0,
        "short_ios" : 0,
        "drop_ios" : 0,
        "slat_ns" : {
          "min" : 0,
          "max" : 0,
          "mean" : 0.000000,
          "stddev" : 0.000000
        },
        "clat_ns" : {
          "min" : 0,
          "max" : 0,
          "mean" : 0.000000,
          "stddev" : 0.000000,
          "percentile" : {
            "1.000000" : 0,
            "5.000000" : 0,
            "10.000000" : 0,
            "20.000000" : 0,
            "30.000000" : 0,
            "40.000000" : 0,
            "50.000000" : 0,
            "60.000000" : 0,
            "70.000000" : 0,
            "80.000000" : 0,
            "90.000000" : 0,
            "95.000000" : 0,
            "99.000000" : 0,
            "99.500000" : 0,
            "99.900000" : 0,
            "99.950000" : 0,
            "99.990000" : 0
          }
        },
        "lat_ns" : {
          "min" : 0,
          "max" : 0,
          "mean" : 0.000000,
          "stddev" : 0.000000
        },
        "bw_min" : 0,
        "bw_max" : 0,
        "bw_agg" : 0.000000,
        "bw_mean" : 0.000000,
        "bw_dev" : 0.000000,
        "bw_samples" : 0,
        "iops_min" : 0,
        "iops_max" : 0,
        "iops_mean" : 0.000000,
        "iops_stddev" : 0.000000,
        "iops_samples" : 0
      },
      "sync" : {
        "lat_ns" : {
          "min" : 0,
          "max" : 0,
          "mean" : 0.000000,
          "stddev" : 0.000000,
          "percentile" : {
            "1.000000" : 0,
            "5.000000" : 0,
            "10.000000" : 0,
            "20.000000" : 0,
            "30.000000" : 0,
            "40.000000" : 0,
            "50.000000" : 0,
            "60.000000" : 0,
            "70.000000" : 0,
            "80.000000" : 0,
            "90.000000" : 0,
            "95.000000" : 0,
            "99.000000" : 0,
            "99.500000" : 0,
            "99.900000" : 0,
            "99.950000" : 0,
            "99.990000" : 0
          }
        },
        "total_ios" : 0
      },
      "job_runtime" : 10009,
      "usr_cpu" : 0.999101,
      "sys_cpu" : 14.027375,
      "ctx" : 3745,
      "majf" : 0,
      "minf" : 14,
      "iodepth_level" : {
        "1" : 0.100000,
        "2" : 0.100000,
        "4" : 99.966319,
        "8" : 0.000000,
        "16" : 0.000000,
        "32" : 0.000000,
        ">=64" : 0.000000
      },
      "iodepth_submit" : {
        "0" : 0.000000,
        "4" : 100.000000,
        "8" : 0.000000,
        "16" : 0.000000,
        "32" : 0.000000,
        "64" : 0.000000,
        ">=64" : 0.000000
      },
      "iodepth_complete" : {
        "0" : 0.000000,
        "4" : 100.000000,
        "8" : 0.000000,
        "16" : 0.000000,
        "32" : 0.000000,
        "64" : 0.000000,
        ">=64" : 0.000000
      },
      "latency_ns" : {
        "2" : 0.000000,
        "4" : 0.000000,
        "10" : 0.000000,
        "20" : 0.000000,
        "50" : 0.000000,
        "100" : 0.000000,
        "250" : 0.000000,
        "500" : 0.000000,
        "750" : 0.000000,
        "1000" : 0.000000
      },
      "latency_us" : {
        "2" : 0.011227,
        "4" : 0.011227,
        "10" : 0.000000,
        "20" : 0.000000,
        "50" : 0.022454,
        "100" : 0.123498,
        "250" : 1.571797,
        "500" : 4.513304,
        "750" : 5.501291,
        "1000" : 4.816437
      },
      "latency_ms" : {
        "2" : 17.211182,
        "4" : 31.289997,
        "10" : 28.056585,
        "20" : 5.984057,
        "50" : 0.853261,
        "100" : 0.033681,
        "250" : 0.000000,
        "500" : 0.000000,
        "750" : 0.000000,
        "1000" : 0.000000,
        "2000" : 0.000000,
        ">=2000" : 0.000000
      },
      "latency_depth" : 4,
      "latency_target" : 0,
      "latency_percentile" : 100.000000,
      "latency_window" : 0
    }
  ]
}
