{
  "fio version" : "fio-3.6",
  "timestamp" : 1560845591,
  "timestamp_ms" : 1560845591626,
  "time" : "Tue Jun 18 01:13:11 2019",
  "jobs" : [
    {
      "jobname" : "fio-rand-RW",
      "groupid" : 0,
      "error" : 0,
      "eta" : 0,
      "elapsed" : 16,
      "job options" : {
        "name" : "fio-rand-RW",
        "rw" : "rw",
        "rwmixread" : "100",
        "bs" : "1M",
        "direct" : "1",
        "size" : "50M",
        "ioengine" : "libaio",
        "iodepth" : "4",
        "time_based" : "1",
        "runtime" : "15s",
        "numjobs" : "1",
        "filename" : "/vdb"
      },
      "read" : {
        "io_bytes" : 10575937536,
        "io_kbytes" : 10328064,
        "bw_bytes" : 704921518,
        "bw" : 688399,
        "iops" : 672.265547,
        "runtime" : 15003,
        "total_ios" : 10086,
        "short_ios" : 0,
        "drop_ios" : 0,
        "slat_ns" : {
          "min" : 156782,
          "max" : 37589370,
          "mean" : 1204065.562265,
          "stddev" : 1547108.302617
        },
        "clat_ns" : {
          "min" : 557061,
          "max" : 56837114,
          "mean" : 4732086.771763,
          "stddev" : 3545650.268033,
          "percentile" : {
            "1.000000" : 1155072,
            "5.000000" : 1581056,
            "10.000000" : 1875968,
            "20.000000" : 2310144,
            "30.000000" : 2768896,
            "40.000000" : 3227648,
            "50.000000" : 3751936,
            "60.000000" : 4358144,
            "70.000000" : 5144576,
            "80.000000" : 6389760,
            "90.000000" : 8716288,
            "95.000000" : 11206656,
            "99.000000" : 18743296,
            "99.500000" : 21889024,
            "99.900000" : 32636928,
            "99.950000" : 35913728,
            "99.990000" : 55312384
          }
        },
        "lat_ns" : {
          "min" : 995917,
          "max" : 57658847,
          "mean" : 5937599.496827,
          "stddev" : 4005257.617228
        },
        "bw_min" : 380928,
        "bw_max" : 983203,
        "bw_agg" : 99.769024,
        "bw_mean" : 686808.966667,
        "bw_dev" : 163303.610091,
        "bw_samples" : 30,
        "iops_min" : 372,
        "iops_max" : 960,
        "iops_mean" : 670.500000,
        "iops_stddev" : 159.491379,
        "iops_samples" : 30
      },
      "write" : {
        "io_bytes" : 0,
        "io_kbytes" : 0,
        "bw_bytes" : 0,
        "bw" : 0,
        "iops" : 0.000000,
        "runtime" : 0,
        "total_ios" : 0,
        "short_ios" : 0,
        "drop_ios" : 0,
        "slat_ns" : {
          "min" : 0,
          "max" : 0,
          "mean" : 0.000000,
          "stddev" : 0.000000
        },
        "clat_ns" : {
          "min" : 0,
          "max" : 0,
          "mean" : 0.000000,
          "stddev" : 0.000000,
          "percentile" : {
            "1.000000" : 0,
            "5.000000" : 0,
            "10.000000" : 0,
            "20.000000" : 0,
            "30.000000" : 0,
            "40.000000" : 0,
            "50.000000" : 0,
            "60.000000" : 0,
            "70.000000" : 0,
            "80.000000" : 0,
            "90.000000" : 0,
            "95.000000" : 0,
            "99.000000" : 0,
            "99.500000" : 0,
            "99.900000" : 0,
            "99.950000" : 0,
            "99.990000" : 0
          }
        },
        "lat_ns" : {
          "min" : 0,
          "max" : 0,
          "mean" : 0.000000,
          "stddev" : 0.000000
        },
        "bw_min" : 0,
        "bw_max" : 0,
        "bw_agg" : 0.000000,
        "bw_mean" : 0.000000,
        "bw_dev" : 0.000000,
        "bw_samples" : 0,
        "iops_min" : 0,
        "iops_max" : 0,
        "iops_mean" : 0.000000,
        "iops_stddev" : 0.000000,
        "iops_samples" : 0
      },
      "trim" : {
        "io_bytes" : 0,
        "io_kbytes" : 0,
        "bw_bytes" : 0,
        "bw" : 0,
        "iops" : 0.000000,
        "runtime" : 0,
        "total_ios" : 0,
        "short_ios" : 0,
        "drop_ios" : 0,
        "slat_ns" : {
          "min" : 0,
          "max" : 0,
          "mean" : 0.000000,
          "stddev" : 0.000000
        },
        "clat_ns" : {
          "min" : 0,
          "max" : 0,
          "mean" : 0.000000,
          "stddev" : 0.000000,
          "percentile" : {
            "1.000000" : 0,
            "5.000000" : 0,
            "10.000000" : 0,
            "20.000000" : 0,
            "30.000000" : 0,
            "40.000000" : 0,
            "50.000000" : 0,
            "60.000000" : 0,
            "70.000000" : 0,
            "80.000000" : 0,
            "90.000000" : 0,
            "95.000000" : 0,
            "99.000000" : 0,
            "99.500000" : 0,
            "99.900000" : 0,
            "99.950000" : 0,
            "99.990000" : 0
          }
        },
        "lat_ns" : {
          "min" : 0,
          "max" : 0,
          "mean" : 0.000000,
          "stddev" : 0.000000
        },
        "bw_min" : 0,
        "bw_max" : 0,
        "bw_agg" : 0.000000,
        "bw_mean" : 0.000000,
        "bw_dev" : 0.000000,
        "bw_samples" : 0,
        "iops_min" : 0,
        "iops_max" : 0,
        "iops_mean" : 0.000000,
        "iops_stddev" : 0.000000,
        "iops_samples" : 0
      },
      "sync" : {
        "lat_ns" : {
          "min" : 0,
          "max" : 0,
          "mean" : 0.000000,
          "stddev" : 0.000000,
          "percentile" : {
            "1.000000" : 0,
            "5.000000" : 0,
            "10.000000" : 0,
            "20.000000" : 0,
            "30.000000" : 0,
            "40.000000" : 0,
            "50.000000" : 0,
            "60.000000" : 0,
            "70.000000" : 0,
            "80.000000" : 0,
            "90.000000" : 0,
            "95.000000" : 0,
            "99.000000" : 0,
            "99.500000" : 0,
            "99.900000" : 0,
            "99.950000" : 0,
            "99.990000" : 0
          }
        },
        "total_ios" : 0
      },
      "usr_cpu" : 0.826556,
      "sys_cpu" : 53.806159,
      "ctx" : 6804,
      "majf" : 0,
      "minf" : 9,
      "iodepth_level" : {
        "1" : 0.100000,
        "2" : 0.100000,
        "4" : 99.970256,
        "8" : 0.000000,
        "16" : 0.000000,
        "32" : 0.000000,
        ">=64" : 0.000000
      },
      "latency_ns" : {
        "2" : 0.000000,
        "4" : 0.000000,
        "10" : 0.000000,
        "20" : 0.000000,
        "50" : 0.000000,
        "100" : 0.000000,
        "250" : 0.000000,
        "500" : 0.000000,
        "750" : 0.000000,
        "1000" : 0.000000
      },
      "latency_us" : {
        "2" : 0.000000,
        "4" : 0.000000,
        "10" : 0.000000,
        "20" : 0.000000,
        "50" : 0.000000,
        "100" : 0.000000,
        "250" : 0.000000,
        "500" : 0.000000,
        "750" : 0.069403,
        "1000" : 0.208209
      },
      "latency_ms" : {
        "2" : 12.433076,
        "4" : 41.889748,
        "10" : 38.528654,
        "20" : 6.117390,
        "50" : 0.733690,
        "100" : 0.019829,
        "250" : 0.000000,
        "500" : 0.000000,
        "750" : 0.000000,
        "1000" : 0.000000,
        "2000" : 0.000000,
        ">=2000" : 0.000000
      },
      "latency_depth" : 4,
      "latency_target" : 0,
      "latency_percentile" : 100.000000,
      "latency_window" : 0
    }
  ]
}
