{
  "fio version" : "fio-3.6",
  "timestamp" : 1560466642,
  "timestamp_ms" : 1560466642248,
  "time" : "Thu Jun 13 15:57:22 2019",
  "jobs" : [
    {
      "jobname" : "fio-rand-RW",
      "groupid" : 0,
      "error" : 0,
      "eta" : 0,
      "elapsed" : 11,
      "job options" : {
        "name" : "fio-rand-RW",
        "rw" : "rw",
        "rwmixread" : "70",
        "bs" : "128k",
        "direct" : "1",
        "size" : "10%",
        "ioengine" : "libaio",
        "iodepth" : "4",
        "time_based" : "1",
        "runtime" : "10s",
        "numjobs" : "2",
        "filename" : "/vdb"
      },
      "read" : {
        "io_bytes" : 1512308736,
        "io_kbytes" : 1476864,
        "bw_bytes" : 151185517,
        "bw" : 147642,
        "iops" : 1153.453964,
        "runtime" : 10003,
        "total_ios" : 11538,
        "short_ios" : 0,
        "drop_ios" : 0,
        "slat_ns" : {
          "min" : 18038,
          "max" : 12398214,
          "mean" : 220276.309846,
          "stddev" : 655372.286209
        },
        "clat_ns" : {
          "min" : 113551,
          "max" : 96840630,
          "mean" : 2406276.475906,
          "stddev" : 3078720.293998,
          "percentile" : {
            "1.000000" : 197632,
            "5.000000" : 333824,
            "10.000000" : 452608,
            "20.000000" : 684032,
            "30.000000" : 946176,
            "40.000000" : 1269760,
            "50.000000" : 1679360,
            "60.000000" : 2146304,
            "70.000000" : 2703360,
            "80.000000" : 3588096,
            "90.000000" : 5144576,
            "95.000000" : 6717440,
            "99.000000" : 11337728,
            "99.500000" : 12910592,
            "99.900000" : 23461888,
            "99.950000" : 83361792,
            "99.990000" : 96993280
          }
        },
        "lat_ns" : {
          "min" : 171789,
          "max" : 97069323,
          "mean" : 2627365.273358,
          "stddev" : 3146888.227037
        },
        "bw_min" : 87808,
        "bw_max" : 188039,
        "bw_agg" : 51.070328,
        "bw_mean" : 147397.650000,
        "bw_dev" : 26457.178672,
        "bw_samples" : 20,
        "iops_min" : 686,
        "iops_max" : 1469,
        "iops_mean" : 1151.400000,
        "iops_stddev" : 206.663826,
        "iops_samples" : 20
      },
      "write" : {
        "io_bytes" : 650641408,
        "io_kbytes" : 635392,
        "bw_bytes" : 65044627,
        "bw" : 63520,
        "iops" : 496.251125,
        "runtime" : 10003,
        "total_ios" : 4964,
        "short_ios" : 0,
        "drop_ios" : 0,
        "slat_ns" : {
          "min" : 32539,
          "max" : 77299378,
          "mean" : 305537.948630,
          "stddev" : 1372422.798173
        },
        "clat_ns" : {
          "min" : 6452,
          "max" : 78731969,
          "mean" : 1631705.926672,
          "stddev" : 2153045.338972,
          "percentile" : {
            "1.000000" : 158720,
            "5.000000" : 209920,
            "10.000000" : 264192,
            "20.000000" : 387072,
            "30.000000" : 544768,
            "40.000000" : 724992,
            "50.000000" : 978944,
            "60.000000" : 1318912,
            "70.000000" : 1826816,
            "80.000000" : 2473984,
            "90.000000" : 3653632,
            "95.000000" : 5013504,
            "99.000000" : 8978432,
            "99.500000" : 10682368,
            "99.900000" : 21889024,
            "99.950000" : 22937600,
            "99.990000" : 79167488
          }
        },
        "lat_ns" : {
          "min" : 191545,
          "max" : 83261309,
          "mean" : 1938053.714746,
          "stddev" : 2592062.781348
        },
        "bw_min" : 39680,
        "bw_max" : 83033,
        "bw_agg" : 50.662268,
        "bw_mean" : 63382.550000,
        "bw_dev" : 10782.073121,
        "bw_samples" : 20,
        "iops_min" : 310,
        "iops_max" : 648,
        "iops_mean" : 494.950000,
        "iops_stddev" : 84.073574,
        "iops_samples" : 20
      },
      "trim" : {
        "io_bytes" : 0,
        "io_kbytes" : 0,
        "bw_bytes" : 0,
        "bw" : 0,
        "iops" : 0.000000,
        "runtime" : 0,
        "total_ios" : 0,
        "short_ios" : 0,
        "drop_ios" : 0,
        "slat_ns" : {
          "min" : 0,
          "max" : 0,
          "mean" : 0.000000,
          "stddev" : 0.000000
        },
        "clat_ns" : {
          "min" : 0,
          "max" : 0,
          "mean" : 0.000000,
          "stddev" : 0.000000,
          "percentile" : {
            "1.000000" : 0,
            "5.000000" : 0,
            "10.000000" : 0,
            "20.000000" : 0,
            "30.000000" : 0,
            "40.000000" : 0,
            "50.000000" : 0,
            "60.000000" : 0,
            "70.000000" : 0,
            "80.000000" : 0,
            "90.000000" : 0,
            "95.000000" : 0,
            "99.000000" : 0,
            "99.500000" : 0,
            "99.900000" : 0,
            "99.950000" : 0,
            "99.990000" : 0
          }
        },
        "lat_ns" : {
          "min" : 0,
          "max" : 0,
          "mean" : 0.000000,
          "stddev" : 0.000000
        },
        "bw_min" : 0,
        "bw_max" : 0,
        "bw_agg" : 0.000000,
        "bw_mean" : 0.000000,
        "bw_dev" : 0.000000,
        "bw_samples" : 0,
        "iops_min" : 0,
        "iops_max" : 0,
        "iops_mean" : 0.000000,
        "iops_stddev" : 0.000000,
        "iops_samples" : 0
      },
      "sync" : {
        "lat_ns" : {
          "min" : 0,
          "max" : 0,
          "mean" : 0.000000,
          "stddev" : 0.000000,
          "percentile" : {
            "1.000000" : 0,
            "5.000000" : 0,
            "10.000000" : 0,
            "20.000000" : 0,
            "30.000000" : 0,
            "40.000000" : 0,
            "50.000000" : 0,
            "60.000000" : 0,
            "70.000000" : 0,
            "80.000000" : 0,
            "90.000000" : 0,
            "95.000000" : 0,
            "99.000000" : 0,
            "99.500000" : 0,
            "99.900000" : 0,
            "99.950000" : 0,
            "99.990000" : 0
          }
        },
        "total_ios" : 0
      },
      "usr_cpu" : 1.629023,
      "sys_cpu" : 19.248451,
      "ctx" : 7631,
      "majf" : 0,
      "minf" : 15,
      "iodepth_level" : {
        "1" : 0.100000,
        "2" : 0.100000,
        "4" : 99.981820,
        "8" : 0.000000,
        "16" : 0.000000,
        "32" : 0.000000,
        ">=64" : 0.000000
      },
      "latency_ns" : {
        "2" : 0.000000,
        "4" : 0.000000,
        "10" : 0.000000,
        "20" : 0.000000,
        "50" : 0.000000,
        "100" : 0.000000,
        "250" : 0.000000,
        "500" : 0.000000,
        "750" : 0.000000,
        "1000" : 0.000000
      },
      "latency_us" : {
        "2" : 0.000000,
        "4" : 0.000000,
        "10" : 0.010000,
        "20" : 0.010000,
        "50" : 0.000000,
        "100" : 0.010000,
        "250" : 4.247970,
        "500" : 12.380318,
        "750" : 11.653133,
        "1000" : 9.314023
      },
      "latency_ms" : {
        "2" : 24.239486,
        "4" : 24.269785,
        "10" : 12.574233,
        "20" : 1.163495,
        "50" : 0.096958,
        "100" : 0.042419,
        "250" : 0.000000,
        "500" : 0.000000,
        "750" : 0.000000,
        "1000" : 0.000000,
        "2000" : 0.000000,
        ">=2000" : 0.000000
      },
      "latency_depth" : 4,
      "latency_target" : 0,
      "latency_percentile" : 100.000000,
      "latency_window" : 0
    },
    {
      "jobname" : "WL",
      "groupid" : 0,
      "error" : 0,
      "eta" : 0,
      "elapsed" : 11,
      "job options" : {
        "name" : "fio-rand-RW",
        "rw" : "rw",
        "rwmixread" : "70",
        "bs" : "128k",
        "direct" : "1",
        "size" : "10%",
        "ioengine" : "libaio",
        "iodepth" : "4",
        "time_based" : "1",
        "runtime" : "10s",
        "numjobs" : "2",
        "filename" : "/vdb"
      },
      "read" : {
        "io_bytes" : 1444020224,
        "io_kbytes" : 1410176,
        "bw_bytes" : 144387583,
        "bw" : 141003,
        "iops" : 1101.589841,
        "runtime" : 10001,
        "total_ios" : 11017,
        "short_ios" : 0,
        "drop_ios" : 0,
        "slat_ns" : {
          "min" : 19981,
          "max" : 20371286,
          "mean" : 226948.800944,
          "stddev" : 742993.434617
        },
        "clat_ns" : {
          "min" : 91558,
          "max" : 97862901,
          "mean" : 2507197.751929,
          "stddev" : 3185203.311184,
          "percentile" : {
            "1.000000" : 228352,
            "5.000000" : 366592,
            "10.000000" : 489472,
            "20.000000" : 733184,
            "30.000000" : 1003520,
            "40.000000" : 1351680,
            "50.000000" : 1728512,
            "60.000000" : 2211840,
            "70.000000" : 2867200,
            "80.000000" : 3719168,
            "90.000000" : 5275648,
            "95.000000" : 6848512,
            "99.000000" : 11993088,
            "99.500000" : 14614528,
            "99.900000" : 24248320,
            "99.950000" : 78118912,
            "99.990000" : 98041856
          }
        },
        "lat_ns" : {
          "min" : 181214,
          "max" : 97901617,
          "mean" : 2734877.475175,
          "stddev" : 3265805.832258
        },
        "bw_min" : 85760,
        "bw_max" : 167089,
        "bw_agg" : 48.804176,
        "bw_mean" : 140857.150000,
        "bw_dev" : 22865.753437,
        "bw_samples" : 20,
        "iops_min" : 670,
        "iops_max" : 1305,
        "iops_mean" : 1100.300000,
        "iops_stddev" : 178.555933,
        "iops_samples" : 20
      },
      "write" : {
        "io_bytes" : 630849536,
        "io_kbytes" : 616064,
        "bw_bytes" : 63078645,
        "bw" : 61600,
        "iops" : 481.251875,
        "runtime" : 10001,
        "total_ios" : 4813,
        "short_ios" : 0,
        "drop_ios" : 0,
        "slat_ns" : {
          "min" : 28110,
          "max" : 23818820,
          "mean" : 303932.297112,
          "stddev" : 946426.080762
        },
        "clat_ns" : {
          "min" : 81265,
          "max" : 78695999,
          "mean" : 1723502.238936,
          "stddev" : 2515200.154984,
          "percentile" : {
            "1.000000" : 162816,
            "5.000000" : 220160,
            "10.000000" : 276480,
            "20.000000" : 411648,
            "30.000000" : 561152,
            "40.000000" : 749568,
            "50.000000" : 1036288,
            "60.000000" : 1417216,
            "70.000000" : 1908736,
            "80.000000" : 2572288,
            "90.000000" : 3719168,
            "95.000000" : 5210112,
            "99.000000" : 9895936,
            "99.500000" : 11468800,
            "99.900000" : 24248320,
            "99.950000" : 26869760,
            "99.990000" : 79167488
          }
        },
        "lat_ns" : {
          "min" : 182675,
          "max" : 78766590,
          "mean" : 2028285.177021,
          "stddev" : 2703786.070406
        },
        "bw_min" : 35328,
        "bw_max" : 79360,
        "bw_agg" : 49.200291,
        "bw_mean" : 61553.500000,
        "bw_dev" : 11700.284686,
        "bw_samples" : 20,
        "iops_min" : 276,
        "iops_max" : 620,
        "iops_mean" : 480.750000,
        "iops_stddev" : 91.297590,
        "iops_samples" : 20
      },
      "trim" : {
        "io_bytes" : 0,
        "io_kbytes" : 0,
        "bw_bytes" : 0,
        "bw" : 0,
        "iops" : 0.000000,
        "runtime" : 0,
        "total_ios" : 0,
        "short_ios" : 0,
        "drop_ios" : 0,
        "slat_ns" : {
          "min" : 0,
          "max" : 0,
          "mean" : 0.000000,
          "stddev" : 0.000000
        },
        "clat_ns" : {
          "min" : 0,
          "max" : 0,
          "mean" : 0.000000,
          "stddev" : 0.000000,
          "percentile" : {
            "1.000000" : 0,
            "5.000000" : 0,
            "10.000000" : 0,
            "20.000000" : 0,
            "30.000000" : 0,
            "40.000000" : 0,
            "50.000000" : 0,
            "60.000000" : 0,
            "70.000000" : 0,
            "80.000000" : 0,
            "90.000000" : 0,
            "95.000000" : 0,
            "99.000000" : 0,
            "99.500000" : 0,
            "99.900000" : 0,
            "99.950000" : 0,
            "99.990000" : 0
          }
        },
        "lat_ns" : {
          "min" : 0,
          "max" : 0,
          "mean" : 0.000000,
          "stddev" : 0.000000
        },
        "bw_min" : 0,
        "bw_max" : 0,
        "bw_agg" : 0.000000,
        "bw_mean" : 0.000000,
        "bw_dev" : 0.000000,
        "bw_samples" : 0,
        "iops_min" : 0,
        "iops_max" : 0,
        "iops_mean" : 0.000000,
        "iops_stddev" : 0.000000,
        "iops_samples" : 0
      },
      "sync" : {
        "lat_ns" : {
          "min" : 0,
          "max" : 0,
          "mean" : 0.000000,
          "stddev" : 0.000000,
          "percentile" : {
            "1.000000" : 0,
            "5.000000" : 0,
            "10.000000" : 0,
            "20.000000" : 0,
            "30.000000" : 0,
            "40.000000" : 0,
            "50.000000" : 0,
            "60.000000" : 0,
            "70.000000" : 0,
            "80.000000" : 0,
            "90.000000" : 0,
            "95.000000" : 0,
            "99.000000" : 0,
            "99.500000" : 0,
            "99.900000" : 0,
            "99.950000" : 0,
            "99.990000" : 0
          }
        },
        "total_ios" : 0
      },
      "usr_cpu" : 1.900000,
      "sys_cpu" : 18.340000,
      "ctx" : 7505,
      "majf" : 0,
      "minf" : 12,
      "iodepth_level" : {
        "1" : 0.100000,
        "2" : 0.100000,
        "4" : 99.981049,
        "8" : 0.000000,
        "16" : 0.000000,
        "32" : 0.000000,
        ">=64" : 0.000000
      },
      "latency_ns" : {
        "2" : 0.000000,
        "4" : 0.000000,
        "10" : 0.000000,
        "20" : 0.000000,
        "50" : 0.000000,
        "100" : 0.000000,
        "250" : 0.000000,
        "500" : 0.000000,
        "750" : 0.000000,
        "1000" : 0.000000
      },
      "latency_us" : {
        "2" : 0.000000,
        "4" : 0.000000,
        "10" : 0.000000,
        "20" : 0.000000,
        "50" : 0.000000,
        "100" : 0.012634,
        "250" : 3.442830,
        "500" : 11.863550,
        "750" : 11.295009,
        "1000" : 8.932407
      },
      "latency_ms" : {
        "2" : 25.262160,
        "4" : 24.289324,
        "10" : 13.430196,
        "20" : 1.288692,
        "50" : 0.132660,
        "100" : 0.050537,
        "250" : 0.000000,
        "500" : 0.000000,
        "750" : 0.000000,
        "1000" : 0.000000,
        "2000" : 0.000000,
        ">=2000" : 0.000000
      },
      "latency_depth" : 4,
      "latency_target" : 0,
      "latency_percentile" : 100.000000,
      "latency_window" : 0
    }
  ]
}
