{
  "fio version" : "fio-3.6",
  "timestamp" : 1560464232,
  "timestamp_ms" : 1560464232929,
  "time" : "Thu Jun 13 15:17:12 2019",
  "jobs" : [
    {
      "jobname" : "fio-rand-RW",
      "groupid" : 0,
      "error" : 0,
      "eta" : 0,
      "elapsed" : 11,
      "job options" : {
        "name" : "fio-rand-RW",
        "rw" : "randrw",
        "rwmixread" : "100",
        "bs" : "4k",
        "direct" : "1",
        "size" : "100M",
        "ioengine" : "libaio",
        "iodepth" : "16",
        "time_based" : "1",
        "runtime" : "10s",
        "numjobs" : "2",
        "filename" : "/vdb"
      },
      "read" : {
        "io_bytes" : 235802624,
        "io_kbytes" : 230276,
        "bw_bytes" : 23577904,
        "bw" : 23025,
        "iops" : 5756.324368,
        "runtime" : 10001,
        "total_ios" : 57569,
        "short_ios" : 0,
        "drop_ios" : 0,
        "slat_ns" : {
          "min" : 5067,
          "max" : 24199458,
          "mean" : 97445.403064,
          "stddev" : 516822.513787
        },
        "clat_ns" : {
          "min" : 129243,
          "max" : 38829756,
          "mean" : 2678638.180253,
          "stddev" : 2728349.817300,
          "percentile" : {
            "1.000000" : 280576,
            "5.000000" : 333824,
            "10.000000" : 407552,
            "20.000000" : 659456,
            "30.000000" : 1003520,
            "40.000000" : 1368064,
            "50.000000" : 1810432,
            "60.000000" : 2375680,
            "70.000000" : 3096576,
            "80.000000" : 4112384,
            "90.000000" : 6062080,
            "95.000000" : 8028160,
            "99.000000" : 12910592,
            "99.500000" : 14745600,
            "99.900000" : 20578304,
            "99.950000" : 27918336,
            "99.990000" : 38535168
          }
        },
        "lat_ns" : {
          "min" : 228373,
          "max" : 40349693,
          "mean" : 2776610.234067,
          "stddev" : 2784476.014412
        },
        "bw_min" : 15129,
        "bw_max" : 40670,
        "bw_agg" : 49.521023,
        "bw_mean" : 23091.157895,
        "bw_dev" : 5226.813755,
        "bw_samples" : 19,
        "iops_min" : 3782,
        "iops_max" : 10167,
        "iops_mean" : 5772.684211,
        "iops_stddev" : 1306.624194,
        "iops_samples" : 19
      },
      "write" : {
        "io_bytes" : 0,
        "io_kbytes" : 0,
        "bw_bytes" : 0,
        "bw" : 0,
        "iops" : 0.000000,
        "runtime" : 0,
        "total_ios" : 0,
        "short_ios" : 0,
        "drop_ios" : 0,
        "slat_ns" : {
          "min" : 0,
          "max" : 0,
          "mean" : 0.000000,
          "stddev" : 0.000000
        },
        "clat_ns" : {
          "min" : 0,
          "max" : 0,
          "mean" : 0.000000,
          "stddev" : 0.000000,
          "percentile" : {
            "1.000000" : 0,
            "5.000000" : 0,
            "10.000000" : 0,
            "20.000000" : 0,
            "30.000000" : 0,
            "40.000000" : 0,
            "50.000000" : 0,
            "60.000000" : 0,
            "70.000000" : 0,
            "80.000000" : 0,
            "90.000000" : 0,
            "95.000000" : 0,
            "99.000000" : 0,
            "99.500000" : 0,
            "99.900000" : 0,
            "99.950000" : 0,
            "99.990000" : 0
          }
        },
        "lat_ns" : {
          "min" : 0,
          "max" : 0,
          "mean" : 0.000000,
          "stddev" : 0.000000
        },
        "bw_min" : 0,
        "bw_max" : 0,
        "bw_agg" : 0.000000,
        "bw_mean" : 0.000000,
        "bw_dev" : 0.000000,
        "bw_samples" : 0,
        "iops_min" : 0,
        "iops_max" : 0,
        "iops_mean" : 0.000000,
        "iops_stddev" : 0.000000,
        "iops_samples" : 0
      },
      "trim" : {
        "io_bytes" : 0,
        "io_kbytes" : 0,
        "bw_bytes" : 0,
        "bw" : 0,
        "iops" : 0.000000,
        "runtime" : 0,
        "total_ios" : 0,
        "short_ios" : 0,
        "drop_ios" : 0,
        "slat_ns" : {
          "min" : 0,
          "max" : 0,
          "mean" : 0.000000,
          "stddev" : 0.000000
        },
        "clat_ns" : {
          "min" : 0,
          "max" : 0,
          "mean" : 0.000000,
          "stddev" : 0.000000,
          "percentile" : {
            "1.000000" : 0,
            "5.000000" : 0,
            "10.000000" : 0,
            "20.000000" : 0,
            "30.000000" : 0,
            "40.000000" : 0,
            "50.000000" : 0,
            "60.000000" : 0,
            "70.000000" : 0,
            "80.000000" : 0,
            "90.000000" : 0,
            "95.000000" : 0,
            "99.000000" : 0,
            "99.500000" : 0,
            "99.900000" : 0,
            "99.950000" : 0,
            "99.990000" : 0
          }
        },
        "lat_ns" : {
          "min" : 0,
          "max" : 0,
          "mean" : 0.000000,
          "stddev" : 0.000000
        },
        "bw_min" : 0,
        "bw_max" : 0,
        "bw_agg" : 0.000000,
        "bw_mean" : 0.000000,
        "bw_dev" : 0.000000,
        "bw_samples" : 0,
        "iops_min" : 0,
        "iops_max" : 0,
        "iops_mean" : 0.000000,
        "iops_stddev" : 0.000000,
        "iops_samples" : 0
      },
      "sync" : {
        "lat_ns" : {
          "min" : 0,
          "max" : 0,
          "mean" : 0.000000,
          "stddev" : 0.000000,
          "percentile" : {
            "1.000000" : 0,
            "5.000000" : 0,
            "10.000000" : 0,
            "20.000000" : 0,
            "30.000000" : 0,
            "40.000000" : 0,
            "50.000000" : 0,
            "60.000000" : 0,
            "70.000000" : 0,
            "80.000000" : 0,
            "90.000000" : 0,
            "95.000000" : 0,
            "99.000000" : 0,
            "99.500000" : 0,
            "99.900000" : 0,
            "99.950000" : 0,
            "99.990000" : 0
          }
        },
        "total_ios" : 0
      },
      "usr_cpu" : 2.550000,
      "sys_cpu" : 21.790000,
      "ctx" : 6846,
      "majf" : 0,
      "minf" : 10,
      "iodepth_level" : {
        "1" : 0.100000,
        "2" : 0.100000,
        "4" : 0.100000,
        "8" : 0.100000,
        "16" : 99.973944,
        "32" : 0.000000,
        ">=64" : 0.000000
      },
      "latency_ns" : {
        "2" : 0.000000,
        "4" : 0.000000,
        "10" : 0.000000,
        "20" : 0.000000,
        "50" : 0.000000,
        "100" : 0.000000,
        "250" : 0.000000,
        "500" : 0.000000,
        "750" : 0.000000,
        "1000" : 0.000000
      },
      "latency_us" : {
        "2" : 0.000000,
        "4" : 0.000000,
        "10" : 0.000000,
        "20" : 0.000000,
        "50" : 0.000000,
        "100" : 0.000000,
        "250" : 0.173705,
        "500" : 14.381004,
        "750" : 8.072053,
        "1000" : 7.365075
      },
      "latency_ms" : {
        "2" : 23.663777,
        "4" : 25.477253,
        "10" : 18.263301,
        "20" : 2.492661,
        "50" : 0.111171,
        "100" : 0.000000,
        "250" : 0.000000,
        "500" : 0.000000,
        "750" : 0.000000,
        "1000" : 0.000000,
        "2000" : 0.000000,
        ">=2000" : 0.000000
      },
      "latency_depth" : 16,
      "latency_target" : 0,
      "latency_percentile" : 100.000000,
      "latency_window" : 0
    },
    {
      "jobname" : "WL",
      "groupid" : 0,
      "error" : 0,
      "eta" : 0,
      "elapsed" : 11,
      "job options" : {
        "name" : "fio-rand-RW",
        "rw" : "randrw",
        "rwmixread" : "100",
        "bs" : "4k",
        "direct" : "1",
        "size" : "100M",
        "ioengine" : "libaio",
        "iodepth" : "16",
        "time_based" : "1",
        "runtime" : "10s",
        "numjobs" : "2",
        "filename" : "/vdb"
      },
      "read" : {
        "io_bytes" : 241782784,
        "io_kbytes" : 236116,
        "bw_bytes" : 24173443,
        "bw" : 23606,
        "iops" : 5901.719656,
        "runtime" : 10002,
        "total_ios" : 59029,
        "short_ios" : 0,
        "drop_ios" : 0,
        "slat_ns" : {
          "min" : 4780,
          "max" : 35838041,
          "mean" : 95268.624405,
          "stddev" : 540955.562967
        },
        "clat_ns" : {
          "min" : 82104,
          "max" : 37421388,
          "mean" : 2612319.172525,
          "stddev" : 2696059.860229,
          "percentile" : {
            "1.000000" : 288768,
            "5.000000" : 337920,
            "10.000000" : 423936,
            "20.000000" : 634880,
            "30.000000" : 946176,
            "40.000000" : 1302528,
            "50.000000" : 1744896,
            "60.000000" : 2277376,
            "70.000000" : 2998272,
            "80.000000" : 4046848,
            "90.000000" : 5865472,
            "95.000000" : 7831552,
            "99.000000" : 13041664,
            "99.500000" : 15532032,
            "99.900000" : 18743296,
            "99.950000" : 21102592,
            "99.990000" : 36962304
          }
        },
        "lat_ns" : {
          "min" : 217059,
          "max" : 45272682,
          "mean" : 2708088.680293,
          "stddev" : 2760995.169817
        },
        "bw_min" : 15592,
        "bw_max" : 33101,
        "bw_agg" : 50.587939,
        "bw_mean" : 23588.650000,
        "bw_dev" : 3607.738543,
        "bw_samples" : 20,
        "iops_min" : 3898,
        "iops_max" : 8275,
        "iops_mean" : 5897.100000,
        "iops_stddev" : 901.912757,
        "iops_samples" : 20
      },
      "write" : {
        "io_bytes" : 0,
        "io_kbytes" : 0,
        "bw_bytes" : 0,
        "bw" : 0,
        "iops" : 0.000000,
        "runtime" : 0,
        "total_ios" : 0,
        "short_ios" : 0,
        "drop_ios" : 0,
        "slat_ns" : {
          "min" : 0,
          "max" : 0,
          "mean" : 0.000000,
          "stddev" : 0.000000
        },
        "clat_ns" : {
          "min" : 0,
          "max" : 0,
          "mean" : 0.000000,
          "stddev" : 0.000000,
          "percentile" : {
            "1.000000" : 0,
            "5.000000" : 0,
            "10.000000" : 0,
            "20.000000" : 0,
            "30.000000" : 0,
            "40.000000" : 0,
            "50.000000" : 0,
            "60.000000" : 0,
            "70.000000" : 0,
            "80.000000" : 0,
            "90.000000" : 0,
            "95.000000" : 0,
            "99.000000" : 0,
            "99.500000" : 0,
            "99.900000" : 0,
            "99.950000" : 0,
            "99.990000" : 0
          }
        },
        "lat_ns" : {
          "min" : 0,
          "max" : 0,
          "mean" : 0.000000,
          "stddev" : 0.000000
        },
        "bw_min" : 0,
        "bw_max" : 0,
        "bw_agg" : 0.000000,
        "bw_mean" : 0.000000,
        "bw_dev" : 0.000000,
        "bw_samples" : 0,
        "iops_min" : 0,
        "iops_max" : 0,
        "iops_mean" : 0.000000,
        "iops_stddev" : 0.000000,
        "iops_samples" : 0
      },
      "trim" : {
        "io_bytes" : 0,
        "io_kbytes" : 0,
        "bw_bytes" : 0,
        "bw" : 0,
        "iops" : 0.000000,
        "runtime" : 0,
        "total_ios" : 0,
        "short_ios" : 0,
        "drop_ios" : 0,
        "slat_ns" : {
          "min" : 0,
          "max" : 0,
          "mean" : 0.000000,
          "stddev" : 0.000000
        },
        "clat_ns" : {
          "min" : 0,
          "max" : 0,
          "mean" : 0.000000,
          "stddev" : 0.000000,
          "percentile" : {
            "1.000000" : 0,
            "5.000000" : 0,
            "10.000000" : 0,
            "20.000000" : 0,
            "30.000000" : 0,
            "40.000000" : 0,
            "50.000000" : 0,
            "60.000000" : 0,
            "70.000000" : 0,
            "80.000000" : 0,
            "90.000000" : 0,
            "95.000000" : 0,
            "99.000000" : 0,
            "99.500000" : 0,
            "99.900000" : 0,
            "99.950000" : 0,
            "99.990000" : 0
          }
        },
        "lat_ns" : {
          "min" : 0,
          "max" : 0,
          "mean" : 0.000000,
          "stddev" : 0.000000
        },
        "bw_min" : 0,
        "bw_max" : 0,
        "bw_agg" : 0.000000,
        "bw_mean" : 0.000000,
        "bw_dev" : 0.000000,
        "bw_samples" : 0,
        "iops_min" : 0,
        "iops_max" : 0,
        "iops_mean" : 0.000000,
        "iops_stddev" : 0.000000,
        "iops_samples" : 0
      },
      "sync" : {
        "lat_ns" : {
          "min" : 0,
          "max" : 0,
          "mean" : 0.000000,
          "stddev" : 0.000000,
          "percentile" : {
            "1.000000" : 0,
            "5.000000" : 0,
            "10.000000" : 0,
            "20.000000" : 0,
            "30.000000" : 0,
            "40.000000" : 0,
            "50.000000" : 0,
            "60.000000" : 0,
            "70.000000" : 0,
            "80.000000" : 0,
            "90.000000" : 0,
            "95.000000" : 0,
            "99.000000" : 0,
            "99.500000" : 0,
            "99.900000" : 0,
            "99.950000" : 0,
            "99.990000" : 0
          }
        },
        "total_ios" : 0
      },
      "usr_cpu" : 2.639736,
      "sys_cpu" : 21.077892,
      "ctx" : 7064,
      "majf" : 0,
      "minf" : 9,
      "iodepth_level" : {
        "1" : 0.100000,
        "2" : 0.100000,
        "4" : 0.100000,
        "8" : 0.100000,
        "16" : 99.974589,
        "32" : 0.000000,
        ">=64" : 0.000000
      },
      "latency_ns" : {
        "2" : 0.000000,
        "4" : 0.000000,
        "10" : 0.000000,
        "20" : 0.000000,
        "50" : 0.000000,
        "100" : 0.000000,
        "250" : 0.000000,
        "500" : 0.000000,
        "750" : 0.000000,
        "1000" : 0.000000
      },
      "latency_us" : {
        "2" : 0.000000,
        "4" : 0.000000,
        "10" : 0.000000,
        "20" : 0.000000,
        "50" : 0.000000,
        "100" : 0.010000,
        "250" : 0.040658,
        "500" : 14.245540,
        "750" : 9.608836,
        "1000" : 7.725017
      },
      "latency_ms" : {
        "2" : 23.356316,
        "4" : 24.709888,
        "10" : 17.864101,
        "20" : 2.363245,
        "50" : 0.084704,
        "100" : 0.000000,
        "250" : 0.000000,
        "500" : 0.000000,
        "750" : 0.000000,
        "1000" : 0.000000,
        "2000" : 0.000000,
        ">=2000" : 0.000000
      },
      "latency_depth" : 16,
      "latency_target" : 0,
      "latency_percentile" : 100.000000,
      "latency_window" : 0
    }
  ]
}
